app/build/intermediates/manifest_merge_blame_file/release/processReleaseMainManifest/manifest-merger-blame-release-report.txt
1<?xml version="1.0" encoding="utf-8"?>
2<manifest xmlns:android="http://schemas.android.com/apk/res/android"
3    package="empire.of.e.simplebot"
4    android:versionCode="101"
5    android:versionName="1.1-TimingCorrection" >
6
7    <uses-sdk
8        android:minSdkVersion="21"
9        android:targetSdkVersion="21" />
10
11    <uses-permission android:name="android.permission.INTERNET" />
11-->src\main\AndroidManifest.xml:5:3-64
11-->src\main\AndroidManifest.xml:5:20-62
12    <uses-permission android:name="android.permission.ACCESS_NETWORK_STATE" />
12-->src\main\AndroidManifest.xml:6:3-77
12-->src\main\AndroidManifest.xml:6:20-74
13    <uses-permission android:name="android.permission.POST_NOTIFICATIONS" />
13-->src\main\AndroidManifest.xml:7:5-77
13-->src\main\AndroidManifest.xml:7:22-74
14    <uses-permission android:name="android.permission.WAKE_LOCK" />
14-->src\main\AndroidManifest.xml:8:5-68
14-->src\main\AndroidManifest.xml:8:22-65
15
16    <permission
16-->[androidx.core:core:1.9.0] AndroidManifest.xml:22:5-24:47
17        android:name="empire.of.e.simplebot.DYNAMIC_RECEIVER_NOT_EXPORTED_PERMISSION"
17-->[androidx.core:core:1.9.0] AndroidManifest.xml:23:9-81
18        android:protectionLevel="signature" />
18-->[androidx.core:core:1.9.0] AndroidManifest.xml:24:9-44
19
20    <uses-permission android:name="empire.of.e.simplebot.DYNAMIC_RECEIVER_NOT_EXPORTED_PERMISSION" />
20-->[androidx.core:core:1.9.0] AndroidManifest.xml:26:5-97
20-->[androidx.core:core:1.9.0] AndroidManifest.xml:26:22-94
21
22    <application
22-->src\main\AndroidManifest.xml:10:5-45:19
23        android:allowBackup="true"
23-->src\main\AndroidManifest.xml:11:9-35
24        android:appComponentFactory="androidx.core.app.CoreComponentFactory"
24-->[androidx.core:core:1.9.0] AndroidManifest.xml:28:18-86
25        android:extractNativeLibs="true"
26        android:hardwareAccelerated="true"
26-->src\main\AndroidManifest.xml:15:5-39
27        android:icon="@drawable/ic_launcher"
27-->src\main\AndroidManifest.xml:12:9-45
28        android:label="@string/app_name"
28-->src\main\AndroidManifest.xml:13:9-41
29        android:resizeableActivity="true"
29-->src\main\AndroidManifest.xml:16:5-40
30        android:theme="@style/AppTheme" >
30-->src\main\AndroidManifest.xml:14:9-40
31        <activity
31-->src\main\AndroidManifest.xml:18:9-35:20
32            android:name="empire.of.e.simplebot.MainActivity"
32-->src\main\AndroidManifest.xml:20:13-41
33            android:configChanges="keyboard|keyboardHidden|orientation|screenLayout|uiMode|screenSize|smallestScreenSize"
33-->src\main\AndroidManifest.xml:24:7-116
34            android:exported="true"
34-->src\main\AndroidManifest.xml:19:13-36
35            android:launchMode="singleTop"
35-->src\main\AndroidManifest.xml:21:7-37
36            android:screenOrientation="sensorPortrait"
36-->src\main\AndroidManifest.xml:22:7-49
37            android:theme="@style/AppTheme" >
37-->src\main\AndroidManifest.xml:23:7-38
38            <intent-filter>
38-->src\main\AndroidManifest.xml:25:13-28:29
39                <action android:name="android.intent.action.MAIN" />
39-->src\main\AndroidManifest.xml:26:17-69
39-->src\main\AndroidManifest.xml:26:25-66
40
41                <category android:name="android.intent.category.LAUNCHER" />
41-->src\main\AndroidManifest.xml:27:17-77
41-->src\main\AndroidManifest.xml:27:27-74
42            </intent-filter>
43            <intent-filter android:label="@string/share_name" >
43-->src\main\AndroidManifest.xml:29:7-34:29
43-->src\main\AndroidManifest.xml:30:9-43
44                <action android:name="android.intent.action.SEND" />
44-->src\main\AndroidManifest.xml:31:17-69
44-->src\main\AndroidManifest.xml:31:25-66
45
46                <category android:name="android.intent.category.DEFAULT" />
46-->src\main\AndroidManifest.xml:32:17-76
46-->src\main\AndroidManifest.xml:32:27-73
47
48                <data android:mimeType="text/*" />
48-->src\main\AndroidManifest.xml:33:17-51
48-->src\main\AndroidManifest.xml:33:23-48
49            </intent-filter>
50        </activity>
51
52        <service
52-->src\main\AndroidManifest.xml:37:5-40:44
53            android:name="empire.of.e.simplebot.Notify"
53-->src\main\AndroidManifest.xml:37:14-36
54            android:enabled="true"
54-->src\main\AndroidManifest.xml:38:13-35
55            android:exported="false"
55-->src\main\AndroidManifest.xml:39:13-37
56            android:stopWithTask="false" />
56-->src\main\AndroidManifest.xml:40:13-41
57
58        <receiver android:name="empire.of.e.simplebot.NotificationActionReceiver" />
58-->src\main\AndroidManifest.xml:41:9-64
58-->src\main\AndroidManifest.xml:41:19-61
59
60        <provider
60-->[androidx.emoji2:emoji2:1.2.0] AndroidManifest.xml:24:9-32:20
61            android:name="androidx.startup.InitializationProvider"
61-->[androidx.emoji2:emoji2:1.2.0] AndroidManifest.xml:25:13-67
62            android:authorities="empire.of.e.simplebot.androidx-startup"
62-->[androidx.emoji2:emoji2:1.2.0] AndroidManifest.xml:26:13-68
63            android:exported="false" >
63-->[androidx.emoji2:emoji2:1.2.0] AndroidManifest.xml:27:13-37
64            <meta-data
64-->[androidx.emoji2:emoji2:1.2.0] AndroidManifest.xml:29:13-31:52
65                android:name="androidx.emoji2.text.EmojiCompatInitializer"
65-->[androidx.emoji2:emoji2:1.2.0] AndroidManifest.xml:30:17-75
66                android:value="androidx.startup" />
66-->[androidx.emoji2:emoji2:1.2.0] AndroidManifest.xml:31:17-49
67            <meta-data
67-->[androidx.lifecycle:lifecycle-process:2.4.1] AndroidManifest.xml:31:13-33:52
68                android:name="androidx.lifecycle.ProcessLifecycleInitializer"
68-->[androidx.lifecycle:lifecycle-process:2.4.1] AndroidManifest.xml:32:17-78
69                android:value="androidx.startup" />
69-->[androidx.lifecycle:lifecycle-process:2.4.1] AndroidManifest.xml:33:17-49
70        </provider>
71    </application>
72
73</manifest>